# JRE version: OpenJDK Runtime Environment Microsoft-6841889 (11.0.17+8) (build 11.0.17+8-LTS)
# Java VM: OpenJDK 64-Bit Server VM Microsoft-6841889 (11.0.17+8-LTS, mixed mode, tiered, compressed oops, g1 gc, windows-amd64)
Heap:
 garbage-first heap   total 285696K, used 229471K [0x0000000080000000, 0x0000000100000000)
  region size 1024K, 45 young (46080K), 2 survivors (2048K)
 Metaspace       used 147495K, capacity 153714K, committed 153992K, reserved 649216K
  class space    used 18965K, capacity 21319K, committed 21376K, reserved 516096K
GC Heap History (20 events):
Event: 11423.079 GC heap before
{Heap before GC invocations=124 (full 0):
 garbage-first heap   total 285696K, used 147857K [0x0000000080000000, 0x0000000100000000)
  region size 1024K, 13 young (13312K), 2 survivors (2048K)
 Metaspace       used 131895K, capacity 137154K, committed 137352K, reserved 634880K
  class space    used 16783K, capacity 18726K, committed 18816K, reserved 516096K
}
Event: 11423.126 GC heap after
{Heap after GC invocations=125 (full 0):
 garbage-first heap   total 285696K, used 135612K [0x0000000080000000, 0x0000000100000000)
  region size 1024K, 1 young (1024K), 1 survivors (1024K)
 Metaspace       used 131895K, capacity 137154K, committed 137352K, reserved 634880K
  class space    used 16783K, capacity 18726K, committed 18816K, reserved 516096K
}
Event: 11425.209 GC heap before
{Heap before GC invocations=125 (full 0):
 garbage-first heap   total 285696K, used 211388K [0x0000000080000000, 0x0000000100000000)
  region size 1024K, 75 young (76800K), 1 survivors (1024K)
 Metaspace       used 135599K, capacity 140911K, committed 141064K, reserved 638976K
  class space    used 17387K, capacity 19376K, committed 19456K, reserved 516096K
}
Event: 11425.243 GC heap after
{Heap after GC invocations=126 (full 0):
 garbage-first heap   total 285696K, used 143895K [0x0000000080000000, 0x0000000100000000)
  region size 1024K, 9 young (9216K), 9 survivors (9216K)
 Metaspace       used 135599K, capacity 140911K, committed 141064K, reserved 638976K
  class space    used 17387K, capacity 19376K, committed 19456K, reserved 516096K
}
Event: 11427.082 GC heap before
{Heap before GC invocations=127 (full 0):
 garbage-first heap   total 285696K, used 219671K [0x0000000080000000, 0x0000000100000000)
  region size 1024K, 83 young (84992K), 9 survivors (9216K)
 Metaspace       used 137462K, capacity 143238K, committed 143496K, reserved 641024K
  class space    used 17643K, capacity 19807K, committed 19840K, reserved 516096K
}
Event: 11427.128 GC heap after
{Heap after GC invocations=128 (full 0):
 garbage-first heap   total 285696K, used 155189K [0x0000000080000000, 0x0000000100000000)
  region size 1024K, 11 young (11264K), 11 survivors (11264K)
 Metaspace       used 137462K, capacity 143238K, committed 143496K, reserved 641024K
  class space    used 17643K, capacity 19807K, committed 19840K, reserved 516096K
}
Event: 11427.146 GC heap before
{Heap before GC invocations=128 (full 0):
 garbage-first heap   total 285696K, used 157237K [0x0000000080000000, 0x0000000100000000)
  region size 1024K, 13 young (13312K), 11 survivors (11264K)
 Metaspace       used 137492K, capacity 143302K, committed 143496K, reserved 641024K
  class space    used 17649K, capacity 19807K, committed 19840K, reserved 516096K
}
Event: 11427.172 GC heap after
{Heap after GC invocations=129 (full 0):
 garbage-first heap   total 285696K, used 155913K [0x0000000080000000, 0x0000000100000000)
  region size 1024K, 2 young (2048K), 2 survivors (2048K)
 Metaspace       used 137492K, capacity 143302K, committed 143496K, reserved 641024K
  class space    used 17649K, capacity 19807K, committed 19840K, reserved 516096K
}
Event: 11428.506 GC heap before
{Heap before GC invocations=129 (full 0):
 garbage-first heap   total 285696K, used 222473K [0x0000000080000000, 0x0000000100000000)
  region size 1024K, 68 young (69632K), 2 survivors (2048K)
 Metaspace       used 140109K, capacity 146057K, committed 146312K, reserved 643072K
  class space    used 17987K, capacity 20226K, committed 20352K, reserved 516096K
}
Event: 11428.523 GC heap after
{Heap after GC invocations=130 (full 0):
 garbage-first heap   total 285696K, used 160279K [0x0000000080000000, 0x0000000100000000)
  region size 1024K, 6 young (6144K), 6 survivors (6144K)
 Metaspace       used 140109K, capacity 146057K, committed 146312K, reserved 643072K
  class space    used 17987K, capacity 20226K, committed 20352K, reserved 516096K
}
Event: 11429.901 GC heap before
{Heap before GC invocations=131 (full 0):
 garbage-first heap   total 285696K, used 227863K [0x0000000080000000, 0x0000000100000000)
  region size 1024K, 72 young (73728K), 6 survivors (6144K)
 Metaspace       used 145079K, capacity 151142K, committed 151304K, reserved 647168K
  class space    used 18693K, capacity 20986K, committed 20992K, reserved 516096K
}
Event: 11429.923 GC heap after
{Heap after GC invocations=132 (full 0):
 garbage-first heap   total 285696K, used 167070K [0x0000000080000000, 0x0000000100000000)
  region size 1024K, 7 young (7168K), 7 survivors (7168K)
 Metaspace       used 145079K, capacity 151142K, committed 151304K, reserved 647168K
  class space    used 18693K, capacity 20986K, committed 20992K, reserved 516096K
}
Event: 11430.030 GC heap before
{Heap before GC invocations=132 (full 0):
 garbage-first heap   total 285696K, used 173214K [0x0000000080000000, 0x0000000100000000)
  region size 1024K, 13 young (13312K), 7 survivors (7168K)
 Metaspace       used 145151K, capacity 151255K, committed 151432K, reserved 647168K
  class space    used 18697K, capacity 20994K, committed 21120K, reserved 516096K
}
Event: 11430.063 GC heap after
{Heap after GC invocations=133 (full 0):
 garbage-first heap   total 285696K, used 168776K [0x0000000080000000, 0x0000000100000000)
  region size 1024K, 2 young (2048K), 2 survivors (2048K)
 Metaspace       used 145151K, capacity 151255K, committed 151432K, reserved 647168K
  class space    used 18697K, capacity 20994K, committed 21120K, reserved 516096K
}
Event: 11431.634 GC heap before
{Heap before GC invocations=133 (full 0):
 garbage-first heap   total 285696K, used 232264K [0x0000000080000000, 0x0000000100000000)
  region size 1024K, 64 young (65536K), 2 survivors (2048K)
 Metaspace       used 145506K, capacity 151701K, committed 151944K, reserved 647168K
  class space    used 18726K, capacity 21025K, committed 21120K, reserved 516096K
}
Event: 11431.661 GC heap after
{Heap after GC invocations=134 (full 0):
 garbage-first heap   total 285696K, used 179745K [0x0000000080000000, 0x0000000100000000)
  region size 1024K, 8 young (8192K), 8 survivors (8192K)
 Metaspace       used 145506K, capacity 151701K, committed 151944K, reserved 647168K
  class space    used 18726K, capacity 21025K, committed 21120K, reserved 516096K
}
Event: 11432.375 GC heap before
{Heap before GC invocations=135 (full 0):
 garbage-first heap   total 285696K, used 236065K [0x0000000080000000, 0x0000000100000000)
  region size 1024K, 63 young (64512K), 8 survivors (8192K)
 Metaspace       used 147021K, capacity 153252K, committed 153352K, reserved 649216K
  class space    used 18899K, capacity 21195K, committed 21248K, reserved 516096K
}
Event: 11432.405 GC heap after
{Heap after GC invocations=136 (full 0):
 garbage-first heap   total 285696K, used 186882K [0x0000000080000000, 0x0000000100000000)
  region size 1024K, 7 young (7168K), 7 survivors (7168K)
 Metaspace       used 147021K, capacity 153252K, committed 153352K, reserved 649216K
  class space    used 18899K, capacity 21195K, committed 21248K, reserved 516096K
}
Event: 11432.481 GC heap before
{Heap before GC invocations=136 (full 0):
 garbage-first heap   total 285696K, used 193026K [0x0000000080000000, 0x0000000100000000)
  region size 1024K, 13 young (13312K), 7 survivors (7168K)
 Metaspace       used 147206K, capacity 153430K, committed 153608K, reserved 649216K
  class space    used 18927K, capacity 21230K, committed 21248K, reserved 516096K
}
Event: 11432.513 GC heap after
{Heap after GC invocations=137 (full 0):
 garbage-first heap   total 285696K, used 186463K [0x0000000080000000, 0x0000000100000000)
  region size 1024K, 2 young (2048K), 2 survivors (2048K)
 Metaspace       used 147206K, capacity 153430K, committed 153608K, reserved 649216K
  class space    used 18927K, capacity 21230K, committed 21248K, reserved 516096K
}

